Android/Vine-5.50.1/Decompilation/src/build/intermediates/manifest_merge_blame_file/debug/manifest-merger-blame-debug-report.txt
1<?xml version="1.0" encoding="utf-8"?>
2<manifest xmlns:android="http://schemas.android.com/apk/res/android"
3    package="co.vine.android"
4    platformBuildVersionCode="22"
5    platformBuildVersionName="5.1.1-1819727"
6    android:versionCode="1600360"
7    android:versionName="5.50.1" >
8
9    <uses-sdk
9-->Decompilation\src\AndroidManifest.xml:8:5-10:40
10        android:minSdkVersion="16"
10-->Decompilation\src\AndroidManifest.xml:9:9-35
11        android:targetSdkVersion="22" />
11-->Decompilation\src\AndroidManifest.xml:10:9-38
12
13    <permission
13-->Decompilation\src\AndroidManifest.xml:11:5-13:46
14        android:name="co.vine.android.BROADCAST"
14-->Decompilation\src\AndroidManifest.xml:12:9-49
15        android:protectionLevel="signature" />
15-->Decompilation\src\AndroidManifest.xml:13:9-44
16
17    <uses-permission android:name="co.vine.android.BROADCAST" />
17-->Decompilation\src\AndroidManifest.xml:14:5-64
17-->Decompilation\src\AndroidManifest.xml:14:22-62
18    <uses-permission android:name="android.permission.CAMERA" />
18-->Decompilation\src\AndroidManifest.xml:15:5-64
18-->Decompilation\src\AndroidManifest.xml:15:22-62
19    <uses-permission android:name="android.permission.RECORD_AUDIO" />
19-->Decompilation\src\AndroidManifest.xml:16:5-70
19-->Decompilation\src\AndroidManifest.xml:16:22-68
20    <uses-permission android:name="com.android.launcher.permission.INSTALL_SHORTCUT" />
20-->Decompilation\src\AndroidManifest.xml:17:5-87
20-->Decompilation\src\AndroidManifest.xml:17:22-85
21    <uses-permission android:name="android.permission.RECEIVE_BOOT_COMPLETED" />
21-->Decompilation\src\AndroidManifest.xml:18:5-80
21-->Decompilation\src\AndroidManifest.xml:18:22-78
22    <uses-permission android:name="android.permission.MODIFY_AUDIO_SETTINGS" />
22-->Decompilation\src\AndroidManifest.xml:19:5-79
22-->Decompilation\src\AndroidManifest.xml:19:22-77
23    <uses-permission android:name="android.permission.AUTHENTICATE_ACCOUNTS" />
23-->Decompilation\src\AndroidManifest.xml:20:5-79
23-->Decompilation\src\AndroidManifest.xml:20:22-77
24    <uses-permission android:name="android.permission.GET_ACCOUNTS" />
24-->Decompilation\src\AndroidManifest.xml:21:5-70
24-->Decompilation\src\AndroidManifest.xml:21:22-68
25    <uses-permission android:name="android.permission.INTERNET" />
25-->Decompilation\src\AndroidManifest.xml:22:5-66
25-->Decompilation\src\AndroidManifest.xml:22:22-64
26    <uses-permission android:name="android.permission.MANAGE_ACCOUNTS" />
26-->Decompilation\src\AndroidManifest.xml:23:5-73
26-->Decompilation\src\AndroidManifest.xml:23:22-71
27    <uses-permission android:name="android.permission.READ_SYNC_SETTINGS" />
27-->Decompilation\src\AndroidManifest.xml:24:5-76
27-->Decompilation\src\AndroidManifest.xml:24:22-74
28    <uses-permission android:name="android.permission.WRITE_SYNC_SETTINGS" />
28-->Decompilation\src\AndroidManifest.xml:25:5-77
28-->Decompilation\src\AndroidManifest.xml:25:22-75
29    <uses-permission android:name="android.permission.READ_SYNC_STATS" />
29-->Decompilation\src\AndroidManifest.xml:26:5-73
29-->Decompilation\src\AndroidManifest.xml:26:22-71
30    <uses-permission android:name="android.permission.READ_CONTACTS" />
30-->Decompilation\src\AndroidManifest.xml:27:5-71
30-->Decompilation\src\AndroidManifest.xml:27:22-69
31    <uses-permission android:name="android.permission.WRITE_EXTERNAL_STORAGE" />
31-->Decompilation\src\AndroidManifest.xml:28:5-80
31-->Decompilation\src\AndroidManifest.xml:28:22-78
32    <uses-permission android:name="com.twitter.android.permission.AUTH_APP" />
32-->Decompilation\src\AndroidManifest.xml:29:5-78
32-->Decompilation\src\AndroidManifest.xml:29:22-76
33    <uses-permission android:name="android.permission.WAKE_LOCK" />
33-->Decompilation\src\AndroidManifest.xml:30:5-67
33-->Decompilation\src\AndroidManifest.xml:30:22-65
34    <uses-permission android:name="android.permission.READ_PROFILE" />
34-->Decompilation\src\AndroidManifest.xml:31:5-70
34-->Decompilation\src\AndroidManifest.xml:31:22-68
35    <uses-permission android:name="android.permission.READ_PHONE_STATE" />
35-->Decompilation\src\AndroidManifest.xml:32:5-74
35-->Decompilation\src\AndroidManifest.xml:32:22-72
36    <uses-permission android:name="android.permission.VIBRATE" />
36-->Decompilation\src\AndroidManifest.xml:33:5-65
36-->Decompilation\src\AndroidManifest.xml:33:22-63
37    <uses-permission android:name="android.permission.SEND_SMS" />
37-->Decompilation\src\AndroidManifest.xml:34:5-66
37-->Decompilation\src\AndroidManifest.xml:34:22-64
38    <uses-permission android:name="android.permission.ACCESS_NETWORK_STATE" />
38-->Decompilation\src\AndroidManifest.xml:35:5-78
38-->Decompilation\src\AndroidManifest.xml:35:22-76
39    <uses-permission android:name="com.google.android.providers.gsf.permission.READ_GSERVICES" />
39-->Decompilation\src\AndroidManifest.xml:36:5-97
39-->Decompilation\src\AndroidManifest.xml:36:22-95
40    <uses-permission android:name="android.permission.ACCESS_FINE_LOCATION" />
40-->Decompilation\src\AndroidManifest.xml:37:5-78
40-->Decompilation\src\AndroidManifest.xml:37:22-76
41    <uses-permission android:name="android.permission.ACCESS_COARSE_LOCATION" />
41-->Decompilation\src\AndroidManifest.xml:38:5-80
41-->Decompilation\src\AndroidManifest.xml:38:22-78
42    <uses-permission android:name="com.sonymobile.permission.CAMERA_ADDON" />
42-->Decompilation\src\AndroidManifest.xml:39:5-77
42-->Decompilation\src\AndroidManifest.xml:39:22-75
43    <uses-permission android:name="com.sec.android.provider.badge.permission.READ" />
43-->Decompilation\src\AndroidManifest.xml:40:5-85
43-->Decompilation\src\AndroidManifest.xml:40:22-83
44    <uses-permission android:name="com.sec.android.provider.badge.permission.WRITE" />
44-->Decompilation\src\AndroidManifest.xml:41:5-86
44-->Decompilation\src\AndroidManifest.xml:41:22-84
45
46    <uses-feature
46-->Decompilation\src\AndroidManifest.xml:42:5-44:35
47        android:name="android.hardware.camera"
47-->Decompilation\src\AndroidManifest.xml:43:9-47
48        android:required="false" />
48-->Decompilation\src\AndroidManifest.xml:44:9-33
49    <uses-feature
49-->Decompilation\src\AndroidManifest.xml:45:5-47:35
50        android:name="android.hardware.camera.autofocus"
50-->Decompilation\src\AndroidManifest.xml:46:9-57
51        android:required="false" />
51-->Decompilation\src\AndroidManifest.xml:47:9-33
52    <uses-feature
52-->Decompilation\src\AndroidManifest.xml:48:5-50:35
53        android:name="android.hardware.camera.flash"
53-->Decompilation\src\AndroidManifest.xml:49:9-53
54        android:required="false" />
54-->Decompilation\src\AndroidManifest.xml:50:9-33
55    <uses-feature
55-->Decompilation\src\AndroidManifest.xml:51:5-53:35
56        android:name="android.hardware.location"
56-->Decompilation\src\AndroidManifest.xml:52:9-49
57        android:required="false" />
57-->Decompilation\src\AndroidManifest.xml:53:9-33
58    <uses-feature
58-->Decompilation\src\AndroidManifest.xml:54:5-56:35
59        android:name="android.hardware.location.gps"
59-->Decompilation\src\AndroidManifest.xml:55:9-53
60        android:required="false" />
60-->Decompilation\src\AndroidManifest.xml:56:9-33
61    <uses-feature
61-->Decompilation\src\AndroidManifest.xml:57:5-59:35
62        android:name="android.hardware.location.network"
62-->Decompilation\src\AndroidManifest.xml:58:9-57
63        android:required="false" />
63-->Decompilation\src\AndroidManifest.xml:59:9-33
64    <uses-feature
64-->Decompilation\src\AndroidManifest.xml:60:5-62:35
65        android:name="android.hardware.telephony"
65-->Decompilation\src\AndroidManifest.xml:61:9-50
66        android:required="false" />
66-->Decompilation\src\AndroidManifest.xml:62:9-33
67
68    <uses-permission android:name="com.google.android.c2dm.permission.RECEIVE" />
68-->Decompilation\src\AndroidManifest.xml:63:5-81
68-->Decompilation\src\AndroidManifest.xml:63:22-79
69    <uses-permission android:name="android.permission.READ_EXTERNAL_STORAGE" />
69-->Decompilation\src\AndroidManifest.xml:64:5-79
69-->Decompilation\src\AndroidManifest.xml:64:22-77
70
71    <uses-feature
71-->Decompilation\src\AndroidManifest.xml:65:5-67:34
72        android:glEsVersion="0x20000"
72-->Decompilation\src\AndroidManifest.xml:66:9-38
73        android:required="true" />
73-->Decompilation\src\AndroidManifest.xml:67:9-32
74    <uses-feature
74-->[com.google.android.gms:play-services-maps:8.3.0] AndroidManifest.xml:22:5-24:33
75        android:glEsVersion="0x00020000"
75-->[com.google.android.gms:play-services-maps:8.3.0] AndroidManifest.xml:23:8-40
76        android:required="true" />
76-->[com.google.android.gms:play-services-maps:8.3.0] AndroidManifest.xml:24:8-31
77
78    <application
78-->Decompilation\src\AndroidManifest.xml:68:5-689:19
79        android:name="co.vine.android.AppShell"
79-->Decompilation\src\AndroidManifest.xml:72:9-48
80        android:allowBackup="false"
80-->Decompilation\src\AndroidManifest.xml:73:9-36
81        android:debuggable="true"
82        android:hardwareAccelerated="true"
82-->Decompilation\src\AndroidManifest.xml:74:9-43
83        android:icon="@drawable/ic_launcher"
83-->Decompilation\src\AndroidManifest.xml:71:9-45
84        android:label="@string/app_name"
84-->Decompilation\src\AndroidManifest.xml:70:9-41
85        android:largeHeap="true"
85-->Decompilation\src\AndroidManifest.xml:75:9-33
86        android:theme="@style/VineTheme" >
86-->Decompilation\src\AndroidManifest.xml:69:9-41
87        <meta-data
87-->Decompilation\src\AndroidManifest.xml:76:9-78:70
88            android:name="com.google.android.maps.v2.API_KEY"
88-->Decompilation\src\AndroidManifest.xml:77:13-62
89            android:value="AIzaSyDV-tuG52BiVWM9SbwrAuQflpoAneik91c" />
89-->Decompilation\src\AndroidManifest.xml:78:13-68
90
91        <provider
91-->Decompilation\src\AndroidManifest.xml:79:9-83:74
92            android:name="co.vine.android.provider.VineProvider"
92-->Decompilation\src\AndroidManifest.xml:81:13-65
93            android:authorities="co.vine.android.provider.VineProvider"
93-->Decompilation\src\AndroidManifest.xml:83:13-72
94            android:exported="false"
94-->Decompilation\src\AndroidManifest.xml:82:13-37
95            android:label="@string/vine" />
95-->Decompilation\src\AndroidManifest.xml:80:13-41
96        <provider
96-->Decompilation\src\AndroidManifest.xml:84:9-89:80
97            android:name="co.vine.android.provider.VineUploadProvider"
97-->Decompilation\src\AndroidManifest.xml:86:13-71
98            android:authorities="co.vine.android.provider.VineUploadProvider"
98-->Decompilation\src\AndroidManifest.xml:89:13-78
99            android:exported="false"
99-->Decompilation\src\AndroidManifest.xml:87:13-37
100            android:label="@string/vine"
100-->Decompilation\src\AndroidManifest.xml:85:13-41
101            android:process=":upload" />
101-->Decompilation\src\AndroidManifest.xml:88:13-38
102        <provider
102-->Decompilation\src\AndroidManifest.xml:90:9-94:85
103            android:name="co.vine.android.provider.VineSuggestionsProvider"
103-->Decompilation\src\AndroidManifest.xml:92:13-76
104            android:authorities="co.vine.android.provider.VineSuggestionsProvider"
104-->Decompilation\src\AndroidManifest.xml:94:13-83
105            android:exported="false"
105-->Decompilation\src\AndroidManifest.xml:93:13-37
106            android:label="@string/vine" />
106-->Decompilation\src\AndroidManifest.xml:91:13-41
107        <provider
107-->Decompilation\src\AndroidManifest.xml:95:9-98:79
108            android:name="co.vine.android.provider.VineVideoProvider"
108-->Decompilation\src\AndroidManifest.xml:96:13-70
109            android:authorities="co.vine.android.provider.VineVideoProvider"
109-->Decompilation\src\AndroidManifest.xml:98:13-77
110            android:exported="false" />
110-->Decompilation\src\AndroidManifest.xml:97:13-37
111
112        <activity
112-->Decompilation\src\AndroidManifest.xml:99:9-105:57
113            android:name="co.vine.android.RecordingActivity"
113-->Decompilation\src\AndroidManifest.xml:101:13-61
114            android:exported="true"
114-->Decompilation\src\AndroidManifest.xml:102:13-36
115            android:process=":record"
115-->Decompilation\src\AndroidManifest.xml:103:13-38
116            android:screenOrientation="portrait"
116-->Decompilation\src\AndroidManifest.xml:104:13-49
117            android:theme="@style/VineTheme.NoTitleBar.Dark"
117-->Decompilation\src\AndroidManifest.xml:100:13-61
118            android:windowSoftInputMode="adjustResize" />
118-->Decompilation\src\AndroidManifest.xml:105:13-55
119        <activity
119-->Decompilation\src\AndroidManifest.xml:106:9-111:51
120            android:name="co.vine.android.SonyRecordingActivity"
120-->Decompilation\src\AndroidManifest.xml:108:13-65
121            android:exported="true"
121-->Decompilation\src\AndroidManifest.xml:109:13-36
122            android:process=":record"
122-->Decompilation\src\AndroidManifest.xml:110:13-38
123            android:screenOrientation="portrait"
123-->Decompilation\src\AndroidManifest.xml:111:13-49
124            android:theme="@style/VineTheme.NoTitleBar.Dark" />
124-->Decompilation\src\AndroidManifest.xml:107:13-61
125
126        <service
126-->Decompilation\src\AndroidManifest.xml:112:9-115:40
127            android:name="co.vine.android.service.ResourceService"
127-->Decompilation\src\AndroidManifest.xml:113:13-67
128            android:exported="false"
128-->Decompilation\src\AndroidManifest.xml:114:13-37
129            android:process=":record" />
129-->Decompilation\src\AndroidManifest.xml:115:13-38
130
131        <meta-data
131-->Decompilation\src\AndroidManifest.xml:116:9-118:68
132            android:name="com.google.android.gms.version"
132-->Decompilation\src\AndroidManifest.xml:117:13-58
133            android:value="@integer/google_play_services_version" />
133-->Decompilation\src\AndroidManifest.xml:118:13-66
134
135        <activity android:name="com.facebook.FacebookActivity" />
135-->Decompilation\src\AndroidManifest.xml:119:9-65
135-->Decompilation\src\AndroidManifest.xml:119:19-63
136        <activity
136-->Decompilation\src\AndroidManifest.xml:120:9-123:65
137            android:name="co.vine.android.SonyStartActivity"
137-->Decompilation\src\AndroidManifest.xml:122:13-61
138            android:configChanges="orientation|keyboardHidden"
138-->Decompilation\src\AndroidManifest.xml:123:13-63
139            android:theme="@style/VineTheme.NoTitleBar" />
139-->Decompilation\src\AndroidManifest.xml:121:13-56
140        <activity
140-->Decompilation\src\AndroidManifest.xml:124:9-129:51
141            android:name="co.vine.android.recordingui.CameraCaptureActivity"
141-->Decompilation\src\AndroidManifest.xml:126:13-77
142            android:exported="true"
142-->Decompilation\src\AndroidManifest.xml:127:13-36
143            android:process=":record"
143-->Decompilation\src\AndroidManifest.xml:128:13-38
144            android:screenOrientation="portrait"
144-->Decompilation\src\AndroidManifest.xml:129:13-49
145            android:theme="@style/VineTheme.NoTitleBar" />
145-->Decompilation\src\AndroidManifest.xml:125:13-56
146        <activity
146-->Decompilation\src\AndroidManifest.xml:130:9-247:20
147            android:name="co.vine.android.StartActivity"
147-->Decompilation\src\AndroidManifest.xml:133:13-57
148            android:configChanges="orientation|keyboardHidden"
148-->Decompilation\src\AndroidManifest.xml:135:13-63
149            android:label="@string/app_name"
149-->Decompilation\src\AndroidManifest.xml:132:13-45
150            android:launchMode="singleTask"
150-->Decompilation\src\AndroidManifest.xml:134:13-44
151            android:theme="@style/VineTheme.NoTitleBar" >
151-->Decompilation\src\AndroidManifest.xml:131:13-56
152            <intent-filter>
152-->Decompilation\src\AndroidManifest.xml:136:13-146:29
153                <action android:name="android.intent.action.VIEW" />
153-->Decompilation\src\AndroidManifest.xml:137:17-68
153-->Decompilation\src\AndroidManifest.xml:137:25-66
154
155                <category android:name="android.intent.category.BROWSABLE" />
155-->Decompilation\src\AndroidManifest.xml:138:17-77
155-->Decompilation\src\AndroidManifest.xml:138:27-75
156                <category android:name="android.intent.category.DEFAULT" />
156-->Decompilation\src\AndroidManifest.xml:139:17-75
156-->Decompilation\src\AndroidManifest.xml:139:27-73
157
158                <data android:scheme="http" />
158-->Decompilation\src\AndroidManifest.xml:140:17-46
158-->Decompilation\src\AndroidManifest.xml:140:23-44
159                <data android:scheme="https" />
159-->Decompilation\src\AndroidManifest.xml:140:17-46
159-->Decompilation\src\AndroidManifest.xml:140:23-44
160                <data android:host="vine.co" />
160-->Decompilation\src\AndroidManifest.xml:140:17-46
160-->Decompilation\src\AndroidManifest.xml:142:23-45
161                <data android:host="www.vine.co" />
161-->Decompilation\src\AndroidManifest.xml:140:17-46
161-->Decompilation\src\AndroidManifest.xml:142:23-45
162                <data android:host="tomato.vine.co" />
162-->Decompilation\src\AndroidManifest.xml:140:17-46
162-->Decompilation\src\AndroidManifest.xml:142:23-45
163                <data android:pathPrefix="/u" />
163-->Decompilation\src\AndroidManifest.xml:140:17-46
163-->Decompilation\src\AndroidManifest.xml:145:23-46
164            </intent-filter>
165            <intent-filter>
165-->Decompilation\src\AndroidManifest.xml:147:13-157:29
166                <action android:name="android.intent.action.VIEW" />
166-->Decompilation\src\AndroidManifest.xml:137:17-68
166-->Decompilation\src\AndroidManifest.xml:137:25-66
167
168                <category android:name="android.intent.category.BROWSABLE" />
168-->Decompilation\src\AndroidManifest.xml:138:17-77
168-->Decompilation\src\AndroidManifest.xml:138:27-75
169                <category android:name="android.intent.category.DEFAULT" />
169-->Decompilation\src\AndroidManifest.xml:139:17-75
169-->Decompilation\src\AndroidManifest.xml:139:27-73
170
171                <data android:scheme="http" />
171-->Decompilation\src\AndroidManifest.xml:140:17-46
171-->Decompilation\src\AndroidManifest.xml:140:23-44
172                <data android:scheme="https" />
172-->Decompilation\src\AndroidManifest.xml:140:17-46
172-->Decompilation\src\AndroidManifest.xml:140:23-44
173                <data android:host="vine.co" />
173-->Decompilation\src\AndroidManifest.xml:140:17-46
173-->Decompilation\src\AndroidManifest.xml:142:23-45
174                <data android:host="www.vine.co" />
174-->Decompilation\src\AndroidManifest.xml:140:17-46
174-->Decompilation\src\AndroidManifest.xml:142:23-45
175                <data android:host="tomato.vine.co" />
175-->Decompilation\src\AndroidManifest.xml:140:17-46
175-->Decompilation\src\AndroidManifest.xml:142:23-45
176                <data android:pathPrefix="/v" />
176-->Decompilation\src\AndroidManifest.xml:140:17-46
176-->Decompilation\src\AndroidManifest.xml:145:23-46
177            </intent-filter>
178            <intent-filter>
178-->Decompilation\src\AndroidManifest.xml:158:13-168:29
179                <action android:name="android.intent.action.VIEW" />
179-->Decompilation\src\AndroidManifest.xml:137:17-68
179-->Decompilation\src\AndroidManifest.xml:137:25-66
180
181                <category android:name="android.intent.category.BROWSABLE" />
181-->Decompilation\src\AndroidManifest.xml:138:17-77
181-->Decompilation\src\AndroidManifest.xml:138:27-75
182                <category android:name="android.intent.category.DEFAULT" />
182-->Decompilation\src\AndroidManifest.xml:139:17-75
182-->Decompilation\src\AndroidManifest.xml:139:27-73
183
184                <data android:scheme="http" />
184-->Decompilation\src\AndroidManifest.xml:140:17-46
184-->Decompilation\src\AndroidManifest.xml:140:23-44
185                <data android:scheme="https" />
185-->Decompilation\src\AndroidManifest.xml:140:17-46
185-->Decompilation\src\AndroidManifest.xml:140:23-44
186                <data android:host="vine.co" />
186-->Decompilation\src\AndroidManifest.xml:140:17-46
186-->Decompilation\src\AndroidManifest.xml:142:23-45
187                <data android:host="www.vine.co" />
187-->Decompilation\src\AndroidManifest.xml:140:17-46
187-->Decompilation\src\AndroidManifest.xml:142:23-45
188                <data android:host="tomato.vine.co" />
188-->Decompilation\src\AndroidManifest.xml:140:17-46
188-->Decompilation\src\AndroidManifest.xml:142:23-45
189                <data android:pathPrefix="/popular-now" />
189-->Decompilation\src\AndroidManifest.xml:140:17-46
189-->Decompilation\src\AndroidManifest.xml:145:23-46
190            </intent-filter>
191            <intent-filter>
191-->Decompilation\src\AndroidManifest.xml:169:13-179:29
192                <action android:name="android.intent.action.VIEW" />
192-->Decompilation\src\AndroidManifest.xml:137:17-68
192-->Decompilation\src\AndroidManifest.xml:137:25-66
193
194                <category android:name="android.intent.category.BROWSABLE" />
194-->Decompilation\src\AndroidManifest.xml:138:17-77
194-->Decompilation\src\AndroidManifest.xml:138:27-75
195                <category android:name="android.intent.category.DEFAULT" />
195-->Decompilation\src\AndroidManifest.xml:139:17-75
195-->Decompilation\src\AndroidManifest.xml:139:27-73
196
197                <data android:scheme="http" />
197-->Decompilation\src\AndroidManifest.xml:140:17-46
197-->Decompilation\src\AndroidManifest.xml:140:23-44
198                <data android:scheme="https" />
198-->Decompilation\src\AndroidManifest.xml:140:17-46
198-->Decompilation\src\AndroidManifest.xml:140:23-44
199                <data android:host="vine.co" />
199-->Decompilation\src\AndroidManifest.xml:140:17-46
199-->Decompilation\src\AndroidManifest.xml:142:23-45
200                <data android:host="www.vine.co" />
200-->Decompilation\src\AndroidManifest.xml:140:17-46
200-->Decompilation\src\AndroidManifest.xml:142:23-45
201                <data android:host="tomato.vine.co" />
201-->Decompilation\src\AndroidManifest.xml:140:17-46
201-->Decompilation\src\AndroidManifest.xml:142:23-45
202                <data android:pathPrefix="/tags" />
202-->Decompilation\src\AndroidManifest.xml:140:17-46
202-->Decompilation\src\AndroidManifest.xml:145:23-46
203            </intent-filter>
204            <intent-filter>
204-->Decompilation\src\AndroidManifest.xml:180:13-190:29
205                <action android:name="android.intent.action.VIEW" />
205-->Decompilation\src\AndroidManifest.xml:137:17-68
205-->Decompilation\src\AndroidManifest.xml:137:25-66
206
207                <category android:name="android.intent.category.BROWSABLE" />
207-->Decompilation\src\AndroidManifest.xml:138:17-77
207-->Decompilation\src\AndroidManifest.xml:138:27-75
208                <category android:name="android.intent.category.DEFAULT" />
208-->Decompilation\src\AndroidManifest.xml:139:17-75
208-->Decompilation\src\AndroidManifest.xml:139:27-73
209
210                <data android:scheme="http" />
210-->Decompilation\src\AndroidManifest.xml:140:17-46
210-->Decompilation\src\AndroidManifest.xml:140:23-44
211                <data android:scheme="https" />
211-->Decompilation\src\AndroidManifest.xml:140:17-46
211-->Decompilation\src\AndroidManifest.xml:140:23-44
212                <data android:host="vine.co" />
212-->Decompilation\src\AndroidManifest.xml:140:17-46
212-->Decompilation\src\AndroidManifest.xml:142:23-45
213                <data android:host="www.vine.co" />
213-->Decompilation\src\AndroidManifest.xml:140:17-46
213-->Decompilation\src\AndroidManifest.xml:142:23-45
214                <data android:host="tomato.vine.co" />
214-->Decompilation\src\AndroidManifest.xml:140:17-46
214-->Decompilation\src\AndroidManifest.xml:142:23-45
215                <data android:pathPrefix="/confirmEmail" />
215-->Decompilation\src\AndroidManifest.xml:140:17-46
215-->Decompilation\src\AndroidManifest.xml:145:23-46
216            </intent-filter>
217            <intent-filter>
217-->Decompilation\src\AndroidManifest.xml:191:13-201:29
218                <action android:name="android.intent.action.VIEW" />
218-->Decompilation\src\AndroidManifest.xml:137:17-68
218-->Decompilation\src\AndroidManifest.xml:137:25-66
219
220                <category android:name="android.intent.category.BROWSABLE" />
220-->Decompilation\src\AndroidManifest.xml:138:17-77
220-->Decompilation\src\AndroidManifest.xml:138:27-75
221                <category android:name="android.intent.category.DEFAULT" />
221-->Decompilation\src\AndroidManifest.xml:139:17-75
221-->Decompilation\src\AndroidManifest.xml:139:27-73
222
223                <data android:scheme="http" />
223-->Decompilation\src\AndroidManifest.xml:140:17-46
223-->Decompilation\src\AndroidManifest.xml:140:23-44
224                <data android:scheme="https" />
224-->Decompilation\src\AndroidManifest.xml:140:17-46
224-->Decompilation\src\AndroidManifest.xml:140:23-44
225                <data android:host="vine.co" />
225-->Decompilation\src\AndroidManifest.xml:140:17-46
225-->Decompilation\src\AndroidManifest.xml:142:23-45
226                <data android:host="www.vine.co" />
226-->Decompilation\src\AndroidManifest.xml:140:17-46
226-->Decompilation\src\AndroidManifest.xml:142:23-45
227                <data android:host="tomato.vine.co" />
227-->Decompilation\src\AndroidManifest.xml:140:17-46
227-->Decompilation\src\AndroidManifest.xml:142:23-45
228                <data android:pathPrefix="/privacy" />
228-->Decompilation\src\AndroidManifest.xml:140:17-46
228-->Decompilation\src\AndroidManifest.xml:145:23-46
229            </intent-filter>
230            <intent-filter>
230-->Decompilation\src\AndroidManifest.xml:202:13-212:29
231                <action android:name="android.intent.action.VIEW" />
231-->Decompilation\src\AndroidManifest.xml:137:17-68
231-->Decompilation\src\AndroidManifest.xml:137:25-66
232
233                <category android:name="android.intent.category.BROWSABLE" />
233-->Decompilation\src\AndroidManifest.xml:138:17-77
233-->Decompilation\src\AndroidManifest.xml:138:27-75
234                <category android:name="android.intent.category.DEFAULT" />
234-->Decompilation\src\AndroidManifest.xml:139:17-75
234-->Decompilation\src\AndroidManifest.xml:139:27-73
235
236                <data android:scheme="http" />
236-->Decompilation\src\AndroidManifest.xml:140:17-46
236-->Decompilation\src\AndroidManifest.xml:140:23-44
237                <data android:scheme="https" />
237-->Decompilation\src\AndroidManifest.xml:140:17-46
237-->Decompilation\src\AndroidManifest.xml:140:23-44
238                <data android:host="vine.co" />
238-->Decompilation\src\AndroidManifest.xml:140:17-46
238-->Decompilation\src\AndroidManifest.xml:142:23-45
239                <data android:host="www.vine.co" />
239-->Decompilation\src\AndroidManifest.xml:140:17-46
239-->Decompilation\src\AndroidManifest.xml:142:23-45
240                <data android:host="tomato.vine.co" />
240-->Decompilation\src\AndroidManifest.xml:140:17-46
240-->Decompilation\src\AndroidManifest.xml:142:23-45
241                <data android:pathPrefix="/terms" />
241-->Decompilation\src\AndroidManifest.xml:140:17-46
241-->Decompilation\src\AndroidManifest.xml:145:23-46
242            </intent-filter>
243            <intent-filter>
243-->Decompilation\src\AndroidManifest.xml:213:13-223:29
244                <action android:name="android.intent.action.VIEW" />
244-->Decompilation\src\AndroidManifest.xml:137:17-68
244-->Decompilation\src\AndroidManifest.xml:137:25-66
245
246                <category android:name="android.intent.category.BROWSABLE" />
246-->Decompilation\src\AndroidManifest.xml:138:17-77
246-->Decompilation\src\AndroidManifest.xml:138:27-75
247                <category android:name="android.intent.category.DEFAULT" />
247-->Decompilation\src\AndroidManifest.xml:139:17-75
247-->Decompilation\src\AndroidManifest.xml:139:27-73
248
249                <data android:scheme="http" />
249-->Decompilation\src\AndroidManifest.xml:140:17-46
249-->Decompilation\src\AndroidManifest.xml:140:23-44
250                <data android:scheme="https" />
250-->Decompilation\src\AndroidManifest.xml:140:17-46
250-->Decompilation\src\AndroidManifest.xml:140:23-44
251                <data android:host="vine.co" />
251-->Decompilation\src\AndroidManifest.xml:140:17-46
251-->Decompilation\src\AndroidManifest.xml:142:23-45
252                <data android:host="www.vine.co" />
252-->Decompilation\src\AndroidManifest.xml:140:17-46
252-->Decompilation\src\AndroidManifest.xml:142:23-45
253                <data android:host="tomato.vine.co" />
253-->Decompilation\src\AndroidManifest.xml:140:17-46
253-->Decompilation\src\AndroidManifest.xml:142:23-45
254                <data android:pathPrefix="/tos" />
254-->Decompilation\src\AndroidManifest.xml:140:17-46
254-->Decompilation\src\AndroidManifest.xml:145:23-46
255            </intent-filter>
256            <intent-filter>
256-->Decompilation\src\AndroidManifest.xml:224:13-234:29
257                <action android:name="android.intent.action.VIEW" />
257-->Decompilation\src\AndroidManifest.xml:137:17-68
257-->Decompilation\src\AndroidManifest.xml:137:25-66
258
259                <category android:name="android.intent.category.BROWSABLE" />
259-->Decompilation\src\AndroidManifest.xml:138:17-77
259-->Decompilation\src\AndroidManifest.xml:138:27-75
260                <category android:name="android.intent.category.DEFAULT" />
260-->Decompilation\src\AndroidManifest.xml:139:17-75
260-->Decompilation\src\AndroidManifest.xml:139:27-73
261
262                <data android:scheme="http" />
262-->Decompilation\src\AndroidManifest.xml:140:17-46
262-->Decompilation\src\AndroidManifest.xml:140:23-44
263                <data android:scheme="https" />